sep. 21, 2024 10:54:35 A. M. co.edu.uniquindio.poo.LoggerManager logInfo
INFORMACIÓN: Aplicación iniciada.
sep. 21, 2024 10:55:44 A. M. co.edu.uniquindio.poo.LoggerManager logInfo
INFORMACIÓN: Idioma cambiado a inglés
sep. 21, 2024 10:55:51 A. M. co.edu.uniquindio.poo.LoggerManager logInfo
INFORMACIÓN: Idioma cambiado a español
sep. 21, 2024 10:58:03 A. M. co.edu.uniquindio.poo.LoggerManager logInfo
INFORMACIÓN: Aplicación iniciada.
sep. 21, 2024 10:58:05 A. M. co.edu.uniquindio.poo.LoggerManager logInfo
INFORMACIÓN: Idioma cambiado a inglés
sep. 21, 2024 10:59:29 A. M. co.edu.uniquindio.poo.LoggerManager logInfo
INFORMACIÓN: Aplicacion iniciada.
sep. 21, 2024 10:59:31 A. M. co.edu.uniquindio.poo.LoggerManager logInfo
INFORMACIÓN: Idioma cambiado a inglés
sep. 21, 2024 11:01:34 A. M. co.edu.uniquindio.poo.LoggerManager logInfo
INFORMACIÓN: Aplicacion iniciada.
sep. 21, 2024 11:01:36 A. M. co.edu.uniquindio.poo.LoggerManager logInfo
INFORMACIÓN: Idioma cambiado a inglés
sep. 21, 2024 11:01:38 A. M. co.edu.uniquindio.poo.LoggerManager logInfo
INFORMACIÓN: Idioma cambiado a español
sep. 21, 2024 11:01:49 A. M. co.edu.uniquindio.poo.LoggerManager logInfo
INFORMACIÓN: Idioma cambiado a inglés
sep. 21, 2024 11:06:52 A. M. co.edu.uniquindio.poo.LoggerManager logInfo
INFORMACIÓN: Aplicacion iniciada.
sep. 21, 2024 11:10:14 A. M. co.edu.uniquindio.poo.LoggerManager logInfo
INFORMACIÓN: Aplicacion iniciada.
sep. 21, 2024 11:11:10 A. M. co.edu.uniquindio.poo.LoggerManager logInfo
INFORMACIÓN: Aplicacion iniciada.
sep. 21, 2024 11:11:21 A. M. co.edu.uniquindio.poo.LoggerManager logInfo
INFORMACIÓN: Idioma cambiado a inglés
sep. 21, 2024 11:14:54 A. M. co.edu.uniquindio.poo.LoggerManager logInfo
INFORMACIÓN: Aplicacion iniciada.
sep. 21, 2024 11:14:57 A. M. co.edu.uniquindio.poo.LoggerManager logInfo
INFORMACIÓN: Idioma cambiado a inglés
sep. 21, 2024 11:14:57 A. M. co.edu.uniquindio.poo.LoggerManager logInfo
INFORMACIÓN: Idioma cambiado a español
sep. 21, 2024 11:15:57 A. M. co.edu.uniquindio.poo.LoggerManager logInfo
INFORMACIÓN: Registro exitoso del miembro: hua en el deporte aaa
sep. 21, 2024 11:18:59 A. M. co.edu.uniquindio.poo.LoggerManager logInfo
INFORMACIÓN: Aplicacion iniciada.
sep. 21, 2024 11:19:41 A. M. co.edu.uniquindio.poo.LoggerManager logInfo
INFORMACIÓN: Idioma cambiado a inglés
sep. 21, 2024 11:19:59 A. M. co.edu.uniquindio.poo.LoggerManager logInfo
INFORMACIÓN: Registro exitoso del miembro: ja en el deporte aaa
sep. 21, 2024 11:20:04 A. M. co.edu.uniquindio.poo.LoggerManager logError
GRAVE: Error al registrar al miembro: ja. No se puede inscribir en el deporte aaa
sep. 21, 2024 11:22:29 A. M. co.edu.uniquindio.poo.LoggerManager logInfo
INFORMACIÓN: Aplicacion iniciada.
sep. 21, 2024 11:22:35 A. M. co.edu.uniquindio.poo.LoggerManager logWarning
ADVERTENCIA: Intento de registro fallido: Campos vacíos.
sep. 21, 2024 11:24:00 A. M. co.edu.uniquindio.poo.LoggerManager logInfo
INFORMACIÓN: Aplicacion iniciada.
sep. 21, 2024 11:24:02 A. M. co.edu.uniquindio.poo.LoggerManager logInfo
INFORMACIÓN: Idioma cambiado a inglés
sep. 21, 2024 11:24:13 A. M. co.edu.uniquindio.poo.LoggerManager logInfo
INFORMACIÓN: Idioma cambiado a español
sep. 21, 2024 11:24:43 A. M. co.edu.uniquindio.poo.LoggerManager logInfo
INFORMACIÓN: Idioma cambiado a inglés
sep. 21, 2024 11:24:54 A. M. co.edu.uniquindio.poo.LoggerManager logWarning
ADVERTENCIA: Intento de registro fallido: Campos vacios.
sep. 21, 2024 11:25:39 A. M. co.edu.uniquindio.poo.LoggerManager logInfo
INFORMACIÓN: Registro exitoso del miembro: jua en el deporte futbollad
sep. 21, 2024 11:25:52 A. M. co.edu.uniquindio.poo.LoggerManager logError
GRAVE: Error al registrar al miembro: jua. No se puede inscribir en el deporte futbollad
sep. 21, 2024 11:28:23 A. M. co.edu.uniquindio.poo.LoggerManager logInfo
INFORMACIÓN: Aplicacion iniciada.
sep. 21, 2024 11:28:27 A. M. co.edu.uniquindio.poo.LoggerManager logInfo
INFORMACIÓN: Idioma cambiado a Inglés
sep. 21, 2024 11:28:35 A. M. co.edu.uniquindio.poo.LoggerManager logInfo
INFORMACIÓN: Idioma cambiado a Español
sep. 21, 2024 11:29:43 A. M. co.edu.uniquindio.poo.LoggerManager logInfo
INFORMACIÓN: Aplicacion iniciada.
sep. 21, 2024 11:29:47 A. M. co.edu.uniquindio.poo.LoggerManager logInfo
INFORMACIÓN: Idioma cambiado a Ingles
sep. 21, 2024 11:29:49 A. M. co.edu.uniquindio.poo.LoggerManager logInfo
INFORMACIÓN: Idioma cambiado a Espanol
sep. 21, 2024 11:31:33 A. M. co.edu.uniquindio.poo.LoggerManager logInfo
INFORMACIÓN: Aplicacion iniciada.
sep. 21, 2024 11:31:37 A. M. co.edu.uniquindio.poo.LoggerManager logInfo
INFORMACIÓN: Idioma cambiado a Espanol
sep. 21, 2024 11:31:40 A. M. co.edu.uniquindio.poo.LoggerManager logInfo
INFORMACIÓN: Idioma cambiado a Ingles
sep. 21, 2024 11:31:42 A. M. co.edu.uniquindio.poo.LoggerManager logInfo
INFORMACIÓN: Idioma cambiado a Espanol
sep. 21, 2024 11:32:15 A. M. co.edu.uniquindio.poo.LoggerManager logInfo
INFORMACIÓN: Idioma cambiado a Ingles
sep. 21, 2024 11:32:29 A. M. co.edu.uniquindio.poo.LoggerManager logInfo
INFORMACIÓN: Registro exitoso del miembro: yu en el deporte uj
sep. 21, 2024 11:32:32 A. M. co.edu.uniquindio.poo.LoggerManager logInfo
INFORMACIÓN: Registro exitoso del miembro: yu en el deporte uj
sep. 21, 2024 11:32:38 A. M. co.edu.uniquindio.poo.LoggerManager logError
GRAVE: Error al registrar al miembro: yu. No se puede inscribir en el deporte uj
Sep 23, 2024 4:54:24 PM co.edu.uniquindio.poo.LoggerManager logInfo
INFO: Aplicacion iniciada.
Sep 23, 2024 5:05:59 PM co.edu.uniquindio.poo.LoggerManager logInfo
INFO: Aplicacion iniciada.
Sep 23, 2024 5:06:10 PM co.edu.uniquindio.poo.LoggerManager logInfo
INFO: Idioma cambiado a Espanol
Sep 23, 2024 5:06:11 PM co.edu.uniquindio.poo.LoggerManager logInfo
INFO: Idioma cambiado a Ingles
sep. 25, 2024 8:59:14 A. M. co.edu.uniquindio.poo.LoggerManager logInfo
INFORMACIÓN: Aplicacion iniciada.
sep. 25, 2024 8:59:21 A. M. co.edu.uniquindio.poo.LoggerManager logInfo
INFORMACIÓN: Idioma cambiado a Espanol
sep. 25, 2024 8:59:25 A. M. co.edu.uniquindio.poo.LoggerManager logInfo
INFORMACIÓN: Idioma cambiado a Ingles
sep. 25, 2024 9:00:30 A. M. co.edu.uniquindio.poo.LoggerManager logWarning
ADVERTENCIA: Intento de registro fallido: Campos vacios.
sep. 25, 2024 9:00:36 A. M. co.edu.uniquindio.poo.LoggerManager logWarning
ADVERTENCIA: Intento de registro fallido: Campos vacios.
sep. 25, 2024 9:00:42 A. M. co.edu.uniquindio.poo.LoggerManager logWarning
ADVERTENCIA: Intento de registro fallido: Campos vacios.
sep. 25, 2024 9:00:49 A. M. co.edu.uniquindio.poo.LoggerManager logError
GRAVE: Error al registrar al miembro: lkhytd. No se puede inscribir en el deporte kk
sep. 25, 2024 9:00:57 A. M. co.edu.uniquindio.poo.LoggerManager logInfo
INFORMACIÓN: Registro exitoso del miembro: lkhytd en el deporte kk
sep. 25, 2024 9:04:07 A. M. co.edu.uniquindio.poo.LoggerManager logInfo
INFORMACIÓN: Aplicacion iniciada.
sep. 25, 2024 3:14:05 P. M. co.edu.uniquindio.poo.LoggerManager logInfo
INFORMACIÓN: Aplicacion iniciada.
sep. 25, 2024 3:14:57 P. M. co.edu.uniquindio.poo.LoggerManager logInfo
INFORMACIÓN: Aplicacion iniciada.
sep. 25, 2024 3:15:08 P. M. co.edu.uniquindio.poo.LoggerManager logInfo
INFORMACIÓN: Idioma cambiado a Espanol
sep. 25, 2024 3:16:26 P. M. co.edu.uniquindio.poo.LoggerManager logWarning
ADVERTENCIA: Intento de registro fallido: Campos vacios.
sep. 25, 2024 3:16:34 P. M. co.edu.uniquindio.poo.LoggerManager logError
GRAVE: Error al registrar al miembro: Samuel. No se puede inscribir en el deporte soccer
sep. 25, 2024 3:16:42 P. M. co.edu.uniquindio.poo.LoggerManager logInfo
INFORMACIÓN: Registro exitoso del miembro: Samuel en el deporte soccer
